#
# There is insufficient memory for the Java Runtime Environment to continue.
# Native memory allocation (malloc) failed to allocate 1048576 bytes for AllocateHeap
# Possible reasons:
#   The system is out of physical RAM or swap space
#   The process is running with CompressedOops enabled, and the Java Heap may be blocking the growth of the native heap
# Possible solutions:
#   Reduce memory load on the system
#   Increase physical memory or swap space
#   Check if swap backing store is full
#   Decrease Java heap size (-Xmx/-Xms)
#   Decrease number of Java threads
#   Decrease Java thread stack sizes (-Xss)
#   Set larger code cache with -XX:ReservedCodeCacheSize=
# This output file may be truncated or incomplete.
#
#  Out of Memory Error (./src/hotspot/share/memory/allocation.cpp:46), pid=14812, tid=4520
#
# JRE version:  (11.0.8+10) (build )
# Java VM: OpenJDK 64-Bit Server VM (11.0.8+10-b944.6842174, mixed mode, sharing, tiered, compressed oops, g1 gc, windows-amd64)
# No core dump will be written. Minidumps are not enabled by default on client versions of Windows
#

---------------  S U M M A R Y ------------

Command Line: org.jetbrains.git4idea.http.GitAskPassApp Username for 'https://github.com': 

Host: Intel(R) Core(TM) i5-8250U CPU @ 1.60GHz, 8 cores, 11G,  Windows 10 , 64 bit Build 19041 (10.0.19041.928)
Time: Mon May 31 01:34:35 2021 Hora est. Pacífico, Sudamérica elapsed time: 0 seconds (0d 0h 0m 0s)

---------------  T H R E A D  ---------------

Current thread (0x0000015bb218d800):  JavaThread "Unknown thread" [_thread_in_vm, id=4520, stack(0x0000002876900000,0x0000002876a00000)]

Stack: [0x0000002876900000,0x0000002876a00000]
Native frames: (J=compiled Java code, j=interpreted, Vv=VM code, C=native code)
V  [jvm.dll+0x5de50a]
V  [jvm.dll+0x7122f5]
V  [jvm.dll+0x71384d]
V  [jvm.dll+0x713f03]
V  [jvm.dll+0x23e728]
V  [jvm.dll+0xb0144]
V  [jvm.dll+0x2ddd22]
V  [jvm.dll+0x2d6eca]
V  [jvm.dll+0x6f11f7]
V  [jvm.dll+0x6f29ec]
V  [jvm.dll+0x355cb9]
V  [jvm.dll+0x6d4ade]
V  [jvm.dll+0x3bdfe3]
V  [jvm.dll+0x3c0201]
C  [jli.dll+0x5373]
C  [ucrtbase.dll+0x21bb2]
C  [KERNEL32.DLL+0x17034]
C  [ntdll.dll+0x52651]


---------------  P R O C E S S  ---------------

Threads class SMR info:
_java_thread_list=0x0000015bb20953c0, length=0, elements={
}

Java Threads: ( => current thread )

Other Threads:
  0x0000015bb21a5800 GCTaskThread "GC Thread#0" [stack: 0x0000002876a00000,0x0000002876b00000] [id=4752]

[error occurred during error reporting (printing all threads), id 0xc0000005, EXCEPTION_ACCESS_VIOLATION (0xc0000005) at pc=0x00007ffbf5423110]

VM state:not at safepoint (not fully initialized)

VM Mutex/Monitor currently owned by a thread:  ([mutex/lock_event])
[0x0000015bb2189b10] Heap_lock - owner thread: 0x0000015bb218d800

Heap address: 0x0000000741800000, size: 3048 MB, Compressed Oops mode: Non-zero based: 0x0000000741800000
Narrow klass base: 0x0000000000000000, Narrow klass shift: 0

GC Heap History (0 events):
No events

Deoptimization events (0 events):
No events

Classes redefined (0 events):
No events

Internal exceptions (0 events):
No events

Events (1 events):
Event: 0.012 Loaded shared library C:\Program Files\Android\Android Studio\jre\bin\zip.dll


Dynamic libraries:
0x00007ff7a65e0000 - 0x00007ff7a65ea000 	C:\Program Files\Android\Android Studio\jre\bin\java.exe
0x00007ffc56a30000 - 0x00007ffc56c25000 	C:\WINDOWS\SYSTEM32\ntdll.dll
0x00007ffc56010000 - 0x00007ffc560cd000 	C:\WINDOWS\System32\KERNEL32.DLL
0x00007ffc54450000 - 0x00007ffc54718000 	C:\WINDOWS\System32\KERNELBASE.dll
0x00007ffc54350000 - 0x00007ffc54450000 	C:\WINDOWS\System32\ucrtbase.dll
0x00007ffc4dfb0000 - 0x00007ffc4dfc9000 	C:\Program Files\Android\Android Studio\jre\bin\jli.dll
0x00007ffc4f880000 - 0x00007ffc4f897000 	C:\Program Files\Android\Android Studio\jre\bin\VCRUNTIME140.dll
0x00007ffc55e70000 - 0x00007ffc56010000 	C:\WINDOWS\System32\USER32.dll
0x00007ffc54290000 - 0x00007ffc542b2000 	C:\WINDOWS\System32\win32u.dll
0x00007ffc416c0000 - 0x00007ffc4195a000 	C:\WINDOWS\WinSxS\amd64_microsoft.windows.common-controls_6595b64144ccf1df_6.0.19041.844_none_ca00b6081b84eb1d\COMCTL32.dll
0x00007ffc55dc0000 - 0x00007ffc55e5e000 	C:\WINDOWS\System32\msvcrt.dll
0x00007ffc54c00000 - 0x00007ffc54c2a000 	C:\WINDOWS\System32\GDI32.dll
0x00007ffc54720000 - 0x00007ffc5482b000 	C:\WINDOWS\System32\gdi32full.dll
0x00007ffc54170000 - 0x00007ffc5420d000 	C:\WINDOWS\System32\msvcp_win.dll
0x00007ffc566f0000 - 0x00007ffc56720000 	C:\WINDOWS\System32\IMM32.DLL
0x00007ffc4db70000 - 0x00007ffc4dc0d000 	C:\Program Files\Android\Android Studio\jre\bin\msvcp140.dll
0x00007ffbf5140000 - 0x00007ffbf5bfc000 	C:\Program Files\Android\Android Studio\jre\bin\server\jvm.dll
0x00007ffc54d60000 - 0x00007ffc54e0c000 	C:\WINDOWS\System32\ADVAPI32.dll
0x00007ffc56640000 - 0x00007ffc566db000 	C:\WINDOWS\System32\sechost.dll
0x00007ffc54c30000 - 0x00007ffc54d5b000 	C:\WINDOWS\System32\RPCRT4.dll
0x00007ffc54f20000 - 0x00007ffc54f28000 	C:\WINDOWS\System32\PSAPI.DLL
0x00007ffc3cbe0000 - 0x00007ffc3cbe9000 	C:\WINDOWS\SYSTEM32\WSOCK32.dll
0x00007ffc41c70000 - 0x00007ffc41c97000 	C:\WINDOWS\SYSTEM32\WINMM.dll
0x00007ffc4b4a0000 - 0x00007ffc4b4aa000 	C:\WINDOWS\SYSTEM32\VERSION.dll
0x00007ffc56430000 - 0x00007ffc5649b000 	C:\WINDOWS\System32\WS2_32.dll
0x00007ffc52a70000 - 0x00007ffc52a82000 	C:\WINDOWS\SYSTEM32\kernel.appcore.dll
0x00007ffc3ded0000 - 0x00007ffc3dee1000 	C:\Program Files\Android\Android Studio\jre\bin\verify.dll
0x00007ffc51fb0000 - 0x00007ffc52194000 	C:\WINDOWS\SYSTEM32\DBGHELP.DLL
0x00007ffc3b4c0000 - 0x00007ffc3b4ec000 	C:\WINDOWS\SYSTEM32\dbgcore.DLL
0x00007ffc54210000 - 0x00007ffc54290000 	C:\WINDOWS\System32\bcryptPrimitives.dll
0x00007ffc0b940000 - 0x00007ffc0b969000 	C:\Program Files\Android\Android Studio\jre\bin\java.dll
0x00007ffc3eea0000 - 0x00007ffc3eeab000 	C:\Program Files\Android\Android Studio\jre\bin\jimage.dll
0x00007ffc29c40000 - 0x00007ffc29c58000 	C:\Program Files\Android\Android Studio\jre\bin\zip.dll

dbghelp: loaded successfully - version: 4.0.5 - missing functions: none
symbol engine: initialized successfully - sym options: 0x614 - pdb path: .;C:\Program Files\Android\Android Studio\jre\bin;C:\WINDOWS\SYSTEM32;C:\WINDOWS\WinSxS\amd64_microsoft.windows.common-controls_6595b64144ccf1df_6.0.19041.844_none_ca00b6081b84eb1d;C:\Program Files\Android\Android Studio\jre\bin\server

VM Arguments:
java_command: org.jetbrains.git4idea.http.GitAskPassApp Username for 'https://github.com': 
java_class_path (initial): C:/Program Files/Android/Android Studio/plugins/git4idea/lib/git4idea-rt.jar;C:/Program Files/Android/Android Studio/lib/xmlrpc-2.0.1.jar;C:/Program Files/Android/Android Studio/lib/commons-codec-1.14.jar
Launcher Type: SUN_STANDARD

[Global flags]
     intx CICompilerCount                          = 4                                         {product} {ergonomic}
     uint ConcGCThreads                            = 2                                         {product} {ergonomic}
     uint G1ConcRefinementThreads                  = 8                                         {product} {ergonomic}
   size_t G1HeapRegionSize                         = 1048576                                   {product} {ergonomic}
    uintx GCDrainStackTargetSize                   = 64                                        {product} {ergonomic}
   size_t InitialHeapSize                          = 201326592                                 {product} {ergonomic}
   size_t MarkStackSize                            = 4194304                                   {product} {ergonomic}
   size_t MaxHeapSize                              = 3196059648                                {product} {ergonomic}
   size_t MinHeapDeltaBytes                        = 1048576                                   {product} {ergonomic}
    uintx NonNMethodCodeHeapSize                   = 5836300                                {pd product} {ergonomic}
    uintx NonProfiledCodeHeapSize                  = 122910970                              {pd product} {ergonomic}
    uintx ProfiledCodeHeapSize                     = 122910970                              {pd product} {ergonomic}
    uintx ReservedCodeCacheSize                    = 251658240                              {pd product} {ergonomic}
     bool SegmentedCodeCache                       = true                                      {product} {ergonomic}
     bool UseCompressedClassPointers               = true                                 {lp64_product} {ergonomic}
     bool UseCompressedOops                        = true                                 {lp64_product} {ergonomic}
     bool UseG1GC                                  = true                                      {product} {ergonomic}
     bool UseLargePagesIndividualAllocation        = false                                  {pd product} {ergonomic}

Logging:
Log output configuration:
 #0: stdout all=warning uptime,level,tags
 #1: stderr all=off uptime,level,tags

Environment Variables:
JAVA_HOME=C:\Program Files\Java\jdk1.8.0_191
PATH=C:\Program Files\Git\mingw64\libexec\git-core;C:\Program Files\Git\mingw64\libexec\git-core;C:\Program Files\Git\mingw64\bin;C:\Program Files\Git\usr\bin;C:\Users\FrankNarvaez\bin;C:\Program Files (x86)\VMware\VMware Workstation\bin;C:\Program Files (x86)\Common Files\Oracle\Java\javapath;C:\WINDOWS\system32;C:\WINDOWS;C:\WINDOWS\System32\Wbem;C:\WINDOWS\System32\WindowsPowerShell\v1.0;C:\WINDOWS\System32\OpenSSH;C:\Program Files\Git\cmd;C:\Program Files\Java\jdk1.8.0_191\bin;C:\Program Files\Java\jre1.8.0_191;C:\Python27;C:\apache-cassandra-3.11.5\bin;C:\Program Files\nodejs;C:\laragon\bin\php\php-7.4.6-Win32-vc15-x64;C:\Program Files\PuTTY;C:\Users\FrankNarvaez\AppData\Local\Programs\Python\Python37\Scripts;C:\Users\FrankNarvaez\AppData\Local\Programs\Python\Python37;C:\Users\FrankNarvaez\AppData\Local\Microsoft\WindowsApps;C:\Users\FrankNarvaez\AppData\Local\Programs\Microsoft VS Code\bin;C:\Users\FrankNarvaez\AppData\Local\GitHubDesktop\bin;C:\Users\FrankNarvaez\AppData\Roaming\npm;C:\Users\FrankNarvaez\AppData\Local\Microsoft\WindowsApps;C:\Program Files\heroku\bin;C:\laragon\bin\php\php-7.4.6-Win32-vc15-x64;C:\Program Files\MongoDB\Server\4.4\bin;C:\Program Files\CMake\bin;C:\Users\FrankNarvaez\AppData\Local\Android\Sdk
USERNAME=FrankNarvaez
DISPLAY=:0.0
LC_ALL=en_US.UTF-8
OS=Windows_NT
PROCESSOR_IDENTIFIER=Intel64 Family 6 Model 142 Stepping 10, GenuineIntel



---------------  S Y S T E M  ---------------

OS: Windows 10 , 64 bit Build 19041 (10.0.19041.928)
OS uptime: 0 days 10:10 hours

CPU:total 8 (initial active 8) (4 cores per cpu, 2 threads per core) family 6 model 142 stepping 10, cmov, cx8, fxsr, mmx, sse, sse2, sse3, ssse3, sse4.1, sse4.2, popcnt, avx, avx2, aes, clmul, erms, 3dnowpref, lzcnt, ht, tsc, tscinvbit, bmi1, bmi2, adx, fma

Memory: 4k page, system-wide physical 12185M (2428M free)
TotalPageFile size 14185M (AvailPageFile size 6M)
current process WorkingSet (physical memory assigned to process): 9M, peak: 9M
current process commit charge ("private bytes"): 57M, peak: 58M

vm_info: OpenJDK 64-Bit Server VM (11.0.8+10-b944.6842174) for windows-amd64 JRE (11.0.8+10-b944.6842174), built on Sep 19 2020 01:11:42 by "builder" with MS VC++ 14.0 (VS2015)

END.
